<?xml version="1.0" encoding="UTF-8"?>
<!-- Generated by org.testng.reporters.JUnitXMLReporter -->
<testsuite hostname="priya-h81m-s" name="Test" tests="1" failures="0" timestamp="1 Mar 2019 07:51:01 GMT" time="0.019" errors="0">
  <testcase name="@BeforeClass beforeClass" time="0.0" classname="executetestcase.LoginTest">
    <failure type="java.io.FileNotFoundException" message="./Config (No such file or directory)">
      <![CDATA[java.io.FileNotFoundException: ./Config (No such file or directory)
	at java.io.FileInputStream.open0(Native Method)
	at java.io.FileInputStream.open(FileInputStream.java:195)
	at java.io.FileInputStream.<init>(FileInputStream.java:138)
	at Baseclass.Basepage.getData(Basepage.java:21)
	at executetestcase.launchingTest.beforeClass(launchingTest.java:33)
... Removed 24 stack frames]]>
    </failure>
  </testcase> <!-- @BeforeClass beforeClass -->
  <testcase name="init" time="0.001" classname="executetestcase.LoginTest">
    <skipped/>
  </testcase> <!-- init -->
</testsuite> <!-- Test -->
